[debug] [2023-01-16T02:08:45.918Z] ----------------------------------------------------------------------
[debug] [2023-01-16T02:08:45.919Z] Command:       /Users/hungchechen/.nvm/versions/node/v16.17.0/bin/node /Users/hungchechen/.nvm/versions/node/v14.15.0/bin/firebase init
[debug] [2023-01-16T02:08:45.920Z] CLI Version:   11.20.0
[debug] [2023-01-16T02:08:45.920Z] Platform:      darwin
[debug] [2023-01-16T02:08:45.920Z] Node Version:  v16.17.0
[debug] [2023-01-16T02:08:45.927Z] Time:          Sun Jan 15 2023 21:08:45 GMT-0500 (Eastern Standard Time)
[debug] [2023-01-16T02:08:45.927Z] ----------------------------------------------------------------------
[debug] 
[debug] [2023-01-16T02:08:45.932Z] > command requires scopes: ["email","openid","https://www.googleapis.com/auth/cloudplatformprojects.readonly","https://www.googleapis.com/auth/firebase","https://www.googleapis.com/auth/cloud-platform"]
[debug] [2023-01-16T02:08:45.933Z] > authorizing via signed-in user (jer12182002@gmail.com)
[info] 
     ######## #### ########  ######## ########     ###     ######  ########
     ##        ##  ##     ## ##       ##     ##  ##   ##  ##       ##
     ######    ##  ########  ######   ########  #########  ######  ######
     ##        ##  ##    ##  ##       ##     ## ##     ##       ## ##
     ##       #### ##     ## ######## ########  ##     ##  ######  ########

You're about to initialize a Firebase project in this directory:

  /Users/hungchechen/Desktop/wedding app/wedding-app

[info] 
=== Project Setup
[info] 
[info] First, let's associate this project directory with a Firebase project.
[info] You can create multiple project aliases by running firebase use --add, 
[info] but for now we'll just set up a default project.
[info] 
[debug] [2023-01-16T02:09:43.667Z] >>> [apiv2][query] GET https://firebase.googleapis.com/v1beta1/projects pageSize=100
[debug] [2023-01-16T02:09:44.262Z] <<< [apiv2][status] GET https://firebase.googleapis.com/v1beta1/projects 200
[debug] [2023-01-16T02:09:44.263Z] <<< [apiv2][body] GET https://firebase.googleapis.com/v1beta1/projects [omitted]
[info] i  Using project wedding-invite-6095e (wedding-invite) 
[info] 
=== Hosting Setup
[info] 
[info] Your public directory is the folder (relative to your project directory) that
[info] will contain Hosting assets to be uploaded with firebase deploy. If you
[info] have a build process for your assets, use your build's output directory.
[info] 
[info] ✔  Wrote public/404.html 
[debug] [2023-01-16T02:10:20.689Z] >>> [apiv2][query] GET https://www.gstatic.com/firebasejs/releases.json [none]
[debug] [2023-01-16T02:10:20.847Z] <<< [apiv2][status] GET https://www.gstatic.com/firebasejs/releases.json 200
[debug] [2023-01-16T02:10:20.847Z] <<< [apiv2][body] GET https://www.gstatic.com/firebasejs/releases.json {"current":{"version":"9.15.0","browserURL":"https://www.gstatic.com/firebasejs/9.15.0/firebase.js","packageURL":"https://www.gstatic.com/firebasejs/9.15.0/firebase.tgz"},"live":{"version":"9.15","browserURL":"https://www.gstatic.com/firebasejs/live/9.15/firebase.js","packageURL":"https://www.gstatic.com/firebasejs/live/9.15/firebase.tgz"},"components":{"analytics":"https://www.gstatic.com/firebasejs/9.15.0/firebase-analytics.js","app":"https://www.gstatic.com/firebasejs/9.15.0/firebase-app.js","app-check":"https://www.gstatic.com/firebasejs/9.15.0/firebase-app-check.js","auth":"https://www.gstatic.com/firebasejs/9.15.0/firebase-auth.js","auth/cordova":"https://www.gstatic.com/firebasejs/9.15.0/firebase-auth/cordova.js","auth/react-native":"https://www.gstatic.com/firebasejs/9.15.0/firebase-auth/react-native.js","functions":"https://www.gstatic.com/firebasejs/9.15.0/firebase-functions.js","firestore":"https://www.gstatic.com/firebasejs/9.15.0/firebase-firestore.js","firestore/lite":"https://www.gstatic.com/firebasejs/9.15.0/firebase-firestore/lite.js","installations":"https://www.gstatic.com/firebasejs/9.15.0/firebase-installations.js","storage":"https://www.gstatic.com/firebasejs/9.15.0/firebase-storage.js","performance":"https://www.gstatic.com/firebasejs/9.15.0/firebase-performance.js","remote-config":"https://www.gstatic.com/firebasejs/9.15.0/firebase-remote-config.js","messaging":"https://www.gstatic.com/firebasejs/9.15.0/firebase-messaging.js","messaging/sw":"https://www.gstatic.com/firebasejs/9.15.0/firebase-messaging/sw.js","database":"https://www.gstatic.com/firebasejs/9.15.0/firebase-database.js","firestore.memory":"https://www.gstatic.com/firebasejs/9.15.0/firebase-firestore.memory.js"}}
[info] i  Skipping write of public/index.html 
[info] 
[info] i  Detected a .git folder at /Users/hungchechen/Desktop/wedding app/wedding-app 
[info] i  Authorizing with GitHub to upload your service account to a GitHub repository's secrets store. 
[info] 
[info] Visit this URL on this device to log in:
[info] https://github.com/login/oauth/authorize?client_id=89cf50f02ac6aaed3484&state=247650186&redirect_uri=http%3A%2F%2Flocalhost%3A9005&scope=read%3Auser%20repo%20public_repo
[info] 
[info] Waiting for authentication...
[debug] [2023-01-16T02:10:50.005Z] >>> [apiv2][query] POST https://github.com/login/oauth/access_token [none]
[debug] [2023-01-16T02:10:50.013Z] >>> [apiv2][body] POST https://github.com/login/oauth/access_token [stream]
[debug] [2023-01-16T02:10:50.385Z] <<< [apiv2][status] POST https://github.com/login/oauth/access_token 200
[debug] [2023-01-16T02:10:50.386Z] <<< [apiv2][body] POST https://github.com/login/oauth/access_token {"access_token":"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","token_type":"bearer","scope":"read:user,repo"}
[debug] [2023-01-16T02:10:50.409Z] >>> [apiv2][query] GET https://api.github.com/user [none]
[debug] [2023-01-16T02:10:50.674Z] <<< [apiv2][status] GET https://api.github.com/user 200
[debug] [2023-01-16T02:10:50.675Z] <<< [apiv2][body] GET https://api.github.com/user {"login":"jer12182002","id":28813801,"node_id":"MDQ6VXNlcjI4ODEzODAx","avatar_url":"https://avatars.githubusercontent.com/u/28813801?v=4","gravatar_id":"","url":"https://api.github.com/users/jer12182002","html_url":"https://github.com/jer12182002","followers_url":"https://api.github.com/users/jer12182002/followers","following_url":"https://api.github.com/users/jer12182002/following{/other_user}","gists_url":"https://api.github.com/users/jer12182002/gists{/gist_id}","starred_url":"https://api.github.com/users/jer12182002/starred{/owner}{/repo}","subscriptions_url":"https://api.github.com/users/jer12182002/subscriptions","organizations_url":"https://api.github.com/users/jer12182002/orgs","repos_url":"https://api.github.com/users/jer12182002/repos","events_url":"https://api.github.com/users/jer12182002/events{/privacy}","received_events_url":"https://api.github.com/users/jer12182002/received_events","type":"User","site_admin":false,"name":"hung-che-chen","company":null,"blog":"https://www.linkedin.com/in/hung-che-chen-bb259b88/","location":null,"email":"jer12182002@gmail.com","hireable":null,"bio":"Developer with experience in web design, database, and server.\r\nHave great interest in object oriented languages.","twitter_username":null,"public_repos":22,"public_gists":0,"followers":5,"following":6,"created_at":"2017-05-19T18:57:59Z","updated_at":"2023-01-16T01:38:38Z","private_gists":0,"total_private_repos":5,"owned_private_repos":5,"disk_usage":68614,"collaborators":0,"two_factor_authentication":false,"plan":{"name":"free","space":976562499,"collaborators":0,"private_repos":10000}}
[info] 
[info] ✔  Success! Logged into GitHub as jer12182002 
[info] 
